-------------------------------------------------------------------------------
Test set: com.jsonplaceholdertest.app.PHOTOS.PhotosTestRunner
-------------------------------------------------------------------------------
Tests run: 5, Failures: 3, Errors: 2, Skipped: 0, Time elapsed: 215.989 s <<< FAILURE! - in com.jsonplaceholdertest.app.PHOTOS.PhotosTestRunner
com/jsonplaceholdertest/app/PHOTOS/delete-photos.[1:6] Verify that an existing photo can be deleted  Time elapsed: 183.202 s  <<< FAILURE!
org.opentest4j.AssertionFailedError: 
http call failed after 38829 milliseconds for url: https://jsonplaceholder.typicode.com/photos/1
classpath:com/jsonplaceholdertest/app/PHOTOS/delete-photos.feature:8

com.jsonplaceholdertest.app.PHOTOS.PhotosTestRunner.testUpdatePhoto  Time elapsed: 183.536 s  <<< ERROR!
java.lang.RuntimeException: mismatched input '"' expecting <EOF>

com.jsonplaceholdertest.app.PHOTOS.PhotosTestRunner.testCreatePhoto  Time elapsed: 183.589 s  <<< ERROR!
java.lang.RuntimeException: mismatched input '"' expecting <EOF>

com/jsonplaceholdertest/app/PHOTOS/retrieve-photos.[1:3] Verify the list of all photos  Time elapsed: 0.048 s  <<< FAILURE!
org.opentest4j.AssertionFailedError: 
http call failed after 34 milliseconds for url: /photos
classpath:com/jsonplaceholdertest/app/PHOTOS/retrieve-photos.feature:5

com/jsonplaceholdertest/app/PHOTOS/retrieve-photos.[2:8] Verify the details of a specific photo  Time elapsed: 1.152 s  <<< FAILURE!
org.opentest4j.AssertionFailedError: 
http call failed after 2 milliseconds for url: /photos/1
classpath:com/jsonplaceholdertest/app/PHOTOS/retrieve-photos.feature:10

